<?xml version="1.0" encoding="UTF-8"?>
<robot generator="Robot 6.0.1 (Python 3.9.15 on win32)" generated="20230114 19:23:51.982" rpa="false" schemaversion="3">
<suite id="s1" name="Front Office" source="C:\Users\TahaM5\OneDrive - Vodafone Group\Documents\AUTOMATION\RobotFramework\RobotFrameWorkLabs\RobotFrameworkTutorial_TestClient\Tests\Front_Office.robot">
<test id="s1-t1" name="Should be able to access &quot;Team&quot; page" line="15">
<kw name="Begin Web Test" library="CommonWeb" type="SETUP">
<kw name="Open Browser" library="SeleniumLibrary">
<arg>about:blank</arg>
<arg>${BROWSER}</arg>
<doc>Opens a new browser instance to the optional ``url``.</doc>
<msg timestamp="20230114 19:23:52.330" level="INFO">Opening browser 'chrome' to base url 'about:blank'.</msg>
<status status="PASS" starttime="20230114 19:23:52.329" endtime="20230114 19:23:54.486"/>
</kw>
<kw name="Maximize Browser Window" library="SeleniumLibrary">
<doc>Maximizes current browser window.</doc>
<status status="PASS" starttime="20230114 19:23:54.486" endtime="20230114 19:23:54.611"/>
</kw>
<status status="PASS" starttime="20230114 19:23:52.329" endtime="20230114 19:23:54.611"/>
</kw>
<kw name="Go To Landing Page" library="FrontOfficeApp">
<kw name="Navigate To Front Office Home Page" library="Landing">
<kw name="Go To" library="SeleniumLibrary">
<arg>${URL}</arg>
<doc>Navigates the current browser window to the provided ``url``.</doc>
<msg timestamp="20230114 19:23:54.613" level="INFO">Opening url 'https://automationplayground.com/front-office/'</msg>
<status status="PASS" starttime="20230114 19:23:54.612" endtime="20230114 19:24:14.042"/>
</kw>
<status status="PASS" starttime="20230114 19:23:54.612" endtime="20230114 19:24:14.042"/>
</kw>
<kw name="Verify The Front Office Home Page Open" library="Landing">
<kw name="Wait Until Page Contains Element" library="SeleniumLibrary">
<arg>${RobotFrameworkLink}</arg>
<doc>Waits until the element ``locator`` appears on the current page.</doc>
<status status="PASS" starttime="20230114 19:24:14.043" endtime="20230114 19:24:14.066"/>
</kw>
<status status="PASS" starttime="20230114 19:24:14.043" endtime="20230114 19:24:14.067"/>
</kw>
<status status="PASS" starttime="20230114 19:23:54.612" endtime="20230114 19:24:14.067"/>
</kw>
<kw name="Got To &quot;Team&quot; Page" library="FrontOfficeApp">
<kw name="Navigate To &quot;Team&quot; Page" library="TopNav">
<kw name="Click Element" library="SeleniumLibrary">
<arg>${TEAM_PAGE}</arg>
<doc>Click the element identified by ``locator``.</doc>
<msg timestamp="20230114 19:24:14.068" level="INFO">Clicking element 'xpath=//*[@id="bs-example-navbar-collapse-1"]/ul/li[5]/a'.</msg>
<status status="PASS" starttime="20230114 19:24:14.068" endtime="20230114 19:24:14.137"/>
</kw>
<kw name="Sleep" library="BuiltIn">
<arg>3s</arg>
<doc>Pauses the test executed for the given time.</doc>
<msg timestamp="20230114 19:24:17.140" level="INFO">Slept 3 seconds</msg>
<status status="PASS" starttime="20230114 19:24:14.137" endtime="20230114 19:24:17.140"/>
</kw>
<status status="PASS" starttime="20230114 19:24:14.068" endtime="20230114 19:24:17.140"/>
</kw>
<kw name="Verify The &quot;Team&quot; Page Loaded" library="TopNav">
<kw name="Wait Until Page Contains Element" library="SeleniumLibrary">
<arg>${Heading_TeamPage}</arg>
<doc>Waits until the element ``locator`` appears on the current page.</doc>
<status status="PASS" starttime="20230114 19:24:17.141" endtime="20230114 19:24:17.153"/>
</kw>
<status status="PASS" starttime="20230114 19:24:17.140" endtime="20230114 19:24:17.153"/>
</kw>
<status status="PASS" starttime="20230114 19:24:14.067" endtime="20230114 19:24:17.154"/>
</kw>
<kw name="End Web Test" library="CommonWeb" type="TEARDOWN">
<kw name="Close Browser" library="SeleniumLibrary">
<doc>Closes the current browser.</doc>
<status status="PASS" starttime="20230114 19:24:17.154" endtime="20230114 19:24:19.414"/>
</kw>
<status status="PASS" starttime="20230114 19:24:17.154" endtime="20230114 19:24:19.414"/>
</kw>
<doc>Try to access team page from the home page</doc>
<tag>AccessTeamPage</tag>
<status status="PASS" starttime="20230114 19:23:52.328" endtime="20230114 19:24:19.415"/>
</test>
<test id="s1-t2" name="&quot;Team&quot; page should match requirements" line="21">
<kw name="Begin Web Test" library="CommonWeb" type="SETUP">
<kw name="Open Browser" library="SeleniumLibrary">
<arg>about:blank</arg>
<arg>${BROWSER}</arg>
<doc>Opens a new browser instance to the optional ``url``.</doc>
<msg timestamp="20230114 19:24:19.419" level="INFO">Opening browser 'chrome' to base url 'about:blank'.</msg>
<status status="PASS" starttime="20230114 19:24:19.419" endtime="20230114 19:24:21.235"/>
</kw>
<kw name="Maximize Browser Window" library="SeleniumLibrary">
<doc>Maximizes current browser window.</doc>
<status status="PASS" starttime="20230114 19:24:21.235" endtime="20230114 19:24:21.365"/>
</kw>
<status status="PASS" starttime="20230114 19:24:19.419" endtime="20230114 19:24:21.366"/>
</kw>
<kw name="Go To Landing Page" library="FrontOfficeApp">
<kw name="Navigate To Front Office Home Page" library="Landing">
<kw name="Go To" library="SeleniumLibrary">
<arg>${URL}</arg>
<doc>Navigates the current browser window to the provided ``url``.</doc>
<msg timestamp="20230114 19:24:21.369" level="INFO">Opening url 'https://automationplayground.com/front-office/'</msg>
<status status="PASS" starttime="20230114 19:24:21.368" endtime="20230114 19:24:47.292"/>
</kw>
<status status="PASS" starttime="20230114 19:24:21.368" endtime="20230114 19:24:47.293"/>
</kw>
<kw name="Verify The Front Office Home Page Open" library="Landing">
<kw name="Wait Until Page Contains Element" library="SeleniumLibrary">
<arg>${RobotFrameworkLink}</arg>
<doc>Waits until the element ``locator`` appears on the current page.</doc>
<status status="PASS" starttime="20230114 19:24:47.294" endtime="20230114 19:24:47.320"/>
</kw>
<status status="PASS" starttime="20230114 19:24:47.293" endtime="20230114 19:24:47.320"/>
</kw>
<status status="PASS" starttime="20230114 19:24:21.367" endtime="20230114 19:24:47.320"/>
</kw>
<kw name="Got To &quot;Team&quot; Page" library="FrontOfficeApp">
<kw name="Navigate To &quot;Team&quot; Page" library="TopNav">
<kw name="Click Element" library="SeleniumLibrary">
<arg>${TEAM_PAGE}</arg>
<doc>Click the element identified by ``locator``.</doc>
<msg timestamp="20230114 19:24:47.320" level="INFO">Clicking element 'xpath=//*[@id="bs-example-navbar-collapse-1"]/ul/li[5]/a'.</msg>
<status status="PASS" starttime="20230114 19:24:47.320" endtime="20230114 19:24:47.424"/>
</kw>
<kw name="Sleep" library="BuiltIn">
<arg>3s</arg>
<doc>Pauses the test executed for the given time.</doc>
<msg timestamp="20230114 19:24:50.431" level="INFO">Slept 3 seconds</msg>
<status status="PASS" starttime="20230114 19:24:47.425" endtime="20230114 19:24:50.431"/>
</kw>
<status status="PASS" starttime="20230114 19:24:47.320" endtime="20230114 19:24:50.431"/>
</kw>
<kw name="Verify The &quot;Team&quot; Page Loaded" library="TopNav">
<kw name="Wait Until Page Contains Element" library="SeleniumLibrary">
<arg>${Heading_TeamPage}</arg>
<doc>Waits until the element ``locator`` appears on the current page.</doc>
<status status="PASS" starttime="20230114 19:24:50.432" endtime="20230114 19:24:50.450"/>
</kw>
<status status="PASS" starttime="20230114 19:24:50.432" endtime="20230114 19:24:50.450"/>
</kw>
<status status="PASS" starttime="20230114 19:24:47.320" endtime="20230114 19:24:50.450"/>
</kw>
<kw name="Verify Team Page" library="FrontOfficeApp">
<kw name="&quot;Team&quot; Page Should Has Three Images" library="Team">
<kw name="Page Should Contain Image" library="SeleniumLibrary">
<arg>${MemberOne}</arg>
<doc>Verifies image identified by ``locator`` is found from current page.</doc>
<msg timestamp="20230114 19:24:50.472" level="INFO">Current page contains image 'css=#team &gt; div &gt; div:nth-child(2) &gt; div:nth-child(1) &gt; div &gt; img'.</msg>
<status status="PASS" starttime="20230114 19:24:50.451" endtime="20230114 19:24:50.472"/>
</kw>
<kw name="Page Should Contain Image" library="SeleniumLibrary">
<arg>${MemberTwo}</arg>
<doc>Verifies image identified by ``locator`` is found from current page.</doc>
<msg timestamp="20230114 19:24:50.493" level="INFO">Current page contains image 'css=#team &gt; div &gt; div:nth-child(2) &gt; div:nth-child(2) &gt; div &gt; img'.</msg>
<status status="PASS" starttime="20230114 19:24:50.473" endtime="20230114 19:24:50.493"/>
</kw>
<kw name="Page Should Contain Image" library="SeleniumLibrary">
<arg>${MemberThree}</arg>
<doc>Verifies image identified by ``locator`` is found from current page.</doc>
<msg timestamp="20230114 19:24:50.511" level="INFO">Current page contains image 'css=#team &gt; div &gt; div:nth-child(2) &gt; div:nth-child(3) &gt; div &gt; img'.</msg>
<status status="PASS" starttime="20230114 19:24:50.493" endtime="20230114 19:24:50.511"/>
</kw>
<status status="PASS" starttime="20230114 19:24:50.451" endtime="20230114 19:24:50.511"/>
</kw>
<status status="PASS" starttime="20230114 19:24:50.450" endtime="20230114 19:24:50.511"/>
</kw>
<kw name="End Web Test" library="CommonWeb" type="TEARDOWN">
<kw name="Close Browser" library="SeleniumLibrary">
<doc>Closes the current browser.</doc>
<status status="PASS" starttime="20230114 19:24:50.513" endtime="20230114 19:24:52.834"/>
</kw>
<status status="PASS" starttime="20230114 19:24:50.512" endtime="20230114 19:24:52.835"/>
</kw>
<doc>Verify If the Team Page Matched the requirements</doc>
<tag>VerifyTeamPage</tag>
<status status="PASS" starttime="20230114 19:24:19.419" endtime="20230114 19:24:52.836"/>
</test>
<doc>Test The Front Office web page</doc>
<status status="PASS" starttime="20230114 19:23:51.984" endtime="20230114 19:24:52.840"/>
</suite>
<statistics>
<total>
<stat pass="2" fail="0" skip="0">All Tests</stat>
</total>
<tag>
<stat pass="1" fail="0" skip="0">AccessTeamPage</stat>
<stat pass="1" fail="0" skip="0">VerifyTeamPage</stat>
</tag>
<suite>
<stat pass="2" fail="0" skip="0" id="s1" name="Front Office">Front Office</stat>
</suite>
</statistics>
<errors>
</errors>
</robot>
