<?xml version="1.0" encoding="UTF-8"?>
<robot generator="Robot 6.0.1 (Python 3.9.15 on win32)" generated="20230114 18:17:08.432" rpa="false" schemaversion="3">
<suite id="s1" name="Tests" source="C:\Users\TahaM5\OneDrive - Vodafone Group\Documents\AUTOMATION\RobotFramework\RobotFrameworkTutorial_TestClient\Tests">
<suite id="s1-s1" name="Front Office" source="C:\Users\TahaM5\OneDrive - Vodafone Group\Documents\AUTOMATION\RobotFramework\RobotFrameworkTutorial_TestClient\Tests\Front_Office.robot">
<test id="s1-s1-t1" name="Should be able to access &quot;Team&quot; page" line="15">
<kw name="Begin Web Test" library="CommonWeb" type="SETUP">
<kw name="Open Browser" library="SeleniumLibrary">
<arg>about:blank</arg>
<arg>${BROWSER}</arg>
<doc>Opens a new browser instance to the optional ``url``.</doc>
<msg timestamp="20230114 18:17:08.852" level="INFO">Opening browser 'edge' to base url 'about:blank'.</msg>
<status status="PASS" starttime="20230114 18:17:08.851" endtime="20230114 18:17:10.933"/>
</kw>
<kw name="Maximize Browser Window" library="SeleniumLibrary">
<doc>Maximizes current browser window.</doc>
<status status="PASS" starttime="20230114 18:17:10.933" endtime="20230114 18:17:11.094"/>
</kw>
<status status="PASS" starttime="20230114 18:17:08.851" endtime="20230114 18:17:11.094"/>
</kw>
<kw name="Go To Landing Page" library="FrontOfficeApp">
<kw name="Navigate To Front Office Home Page" library="Landing">
<kw name="Go To" library="SeleniumLibrary">
<arg>${URL}</arg>
<doc>Navigates the current browser window to the provided ``url``.</doc>
<msg timestamp="20230114 18:17:11.097" level="INFO">Opening url 'https://automationplayground.com/front-office/'</msg>
<status status="PASS" starttime="20230114 18:17:11.096" endtime="20230114 18:17:36.265"/>
</kw>
<status status="PASS" starttime="20230114 18:17:11.096" endtime="20230114 18:17:36.265"/>
</kw>
<kw name="Verify The Front Office Home Page Open" library="Landing">
<kw name="Wait Until Page Contains Element" library="SeleniumLibrary">
<arg>${RobotFrameworkLink}</arg>
<doc>Waits until the element ``locator`` appears on the current page.</doc>
<status status="PASS" starttime="20230114 18:17:36.265" endtime="20230114 18:17:36.278"/>
</kw>
<status status="PASS" starttime="20230114 18:17:36.265" endtime="20230114 18:17:36.279"/>
</kw>
<status status="PASS" starttime="20230114 18:17:11.095" endtime="20230114 18:17:36.279"/>
</kw>
<kw name="Got To &quot;Team&quot; Page" library="FrontOfficeApp">
<kw name="Navigate To &quot;Team&quot; Page" library="TopNav">
<kw name="Click Element" library="SeleniumLibrary">
<arg>${TEAM_PAGE}</arg>
<doc>Click the element identified by ``locator``.</doc>
<msg timestamp="20230114 18:17:36.280" level="INFO">Clicking element 'xpath=//*[@id="bs-example-navbar-collapse-1"]/ul/li[5]/a'.</msg>
<status status="PASS" starttime="20230114 18:17:36.280" endtime="20230114 18:17:36.371"/>
</kw>
<status status="PASS" starttime="20230114 18:17:36.279" endtime="20230114 18:17:36.371"/>
</kw>
<kw name="Verify The &quot;Team&quot; Page Loaded" library="TopNav">
<kw name="Wait Until Page Contains Element" library="SeleniumLibrary">
<arg>${Heading_TeamPage}</arg>
<doc>Waits until the element ``locator`` appears on the current page.</doc>
<status status="PASS" starttime="20230114 18:17:36.372" endtime="20230114 18:17:36.387"/>
</kw>
<status status="PASS" starttime="20230114 18:17:36.372" endtime="20230114 18:17:36.387"/>
</kw>
<status status="PASS" starttime="20230114 18:17:36.279" endtime="20230114 18:17:36.387"/>
</kw>
<kw name="End Web Test" library="CommonWeb" type="TEARDOWN">
<kw name="Close Browser" library="SeleniumLibrary">
<doc>Closes the current browser.</doc>
<status status="PASS" starttime="20230114 18:17:36.388" endtime="20230114 18:17:38.633"/>
</kw>
<status status="PASS" starttime="20230114 18:17:36.388" endtime="20230114 18:17:38.634"/>
</kw>
<doc>Try to access team page from the home page</doc>
<tag>AccessTeamPage</tag>
<status status="PASS" starttime="20230114 18:17:08.848" endtime="20230114 18:17:38.634"/>
</test>
<test id="s1-s1-t2" name="&quot;Team&quot; page should match requirements" line="21">
<kw name="Begin Web Test" library="CommonWeb" type="SETUP">
<kw name="Open Browser" library="SeleniumLibrary">
<arg>about:blank</arg>
<arg>${BROWSER}</arg>
<doc>Opens a new browser instance to the optional ``url``.</doc>
<msg timestamp="20230114 18:17:38.639" level="INFO">Opening browser 'edge' to base url 'about:blank'.</msg>
<status status="PASS" starttime="20230114 18:17:38.639" endtime="20230114 18:17:40.336"/>
</kw>
<kw name="Maximize Browser Window" library="SeleniumLibrary">
<doc>Maximizes current browser window.</doc>
<status status="PASS" starttime="20230114 18:17:40.337" endtime="20230114 18:17:40.475"/>
</kw>
<status status="PASS" starttime="20230114 18:17:38.638" endtime="20230114 18:17:40.476"/>
</kw>
<kw name="Go To Landing Page" library="FrontOfficeApp">
<kw name="Navigate To Front Office Home Page" library="Landing">
<kw name="Go To" library="SeleniumLibrary">
<arg>${URL}</arg>
<doc>Navigates the current browser window to the provided ``url``.</doc>
<msg timestamp="20230114 18:17:40.478" level="INFO">Opening url 'https://automationplayground.com/front-office/'</msg>
<status status="PASS" starttime="20230114 18:17:40.477" endtime="20230114 18:18:12.067"/>
</kw>
<status status="PASS" starttime="20230114 18:17:40.477" endtime="20230114 18:18:12.067"/>
</kw>
<kw name="Verify The Front Office Home Page Open" library="Landing">
<kw name="Wait Until Page Contains Element" library="SeleniumLibrary">
<arg>${RobotFrameworkLink}</arg>
<doc>Waits until the element ``locator`` appears on the current page.</doc>
<status status="PASS" starttime="20230114 18:18:12.068" endtime="20230114 18:18:12.080"/>
</kw>
<status status="PASS" starttime="20230114 18:18:12.067" endtime="20230114 18:18:12.080"/>
</kw>
<status status="PASS" starttime="20230114 18:17:40.476" endtime="20230114 18:18:12.080"/>
</kw>
<kw name="Got To &quot;Team&quot; Page" library="FrontOfficeApp">
<kw name="Navigate To &quot;Team&quot; Page" library="TopNav">
<kw name="Click Element" library="SeleniumLibrary">
<arg>${TEAM_PAGE}</arg>
<doc>Click the element identified by ``locator``.</doc>
<msg timestamp="20230114 18:18:12.082" level="INFO">Clicking element 'xpath=//*[@id="bs-example-navbar-collapse-1"]/ul/li[5]/a'.</msg>
<status status="PASS" starttime="20230114 18:18:12.082" endtime="20230114 18:18:12.162"/>
</kw>
<status status="PASS" starttime="20230114 18:18:12.081" endtime="20230114 18:18:12.162"/>
</kw>
<kw name="Verify The &quot;Team&quot; Page Loaded" library="TopNav">
<kw name="Wait Until Page Contains Element" library="SeleniumLibrary">
<arg>${Heading_TeamPage}</arg>
<doc>Waits until the element ``locator`` appears on the current page.</doc>
<status status="PASS" starttime="20230114 18:18:12.163" endtime="20230114 18:18:12.177"/>
</kw>
<status status="PASS" starttime="20230114 18:18:12.162" endtime="20230114 18:18:12.177"/>
</kw>
<status status="PASS" starttime="20230114 18:18:12.081" endtime="20230114 18:18:12.177"/>
</kw>
<kw name="Verify Team Page" library="FrontOfficeApp">
<kw name="&quot;Team&quot; Page Should Has Three Images" library="Team">
<kw name="Page Should Contain Image" library="SeleniumLibrary">
<arg>${MemberOne}</arg>
<doc>Verifies image identified by ``locator`` is found from current page.</doc>
<msg timestamp="20230114 18:18:12.195" level="INFO">Current page contains image 'css=#team &gt; div &gt; div:nth-child(2) &gt; div:nth-child(1) &gt; div &gt; img'.</msg>
<status status="PASS" starttime="20230114 18:18:12.178" endtime="20230114 18:18:12.195"/>
</kw>
<kw name="Page Should Contain Image" library="SeleniumLibrary">
<arg>${MemberTwo}</arg>
<doc>Verifies image identified by ``locator`` is found from current page.</doc>
<msg timestamp="20230114 18:18:12.240" level="INFO">Current page contains image 'css=#team &gt; div &gt; div:nth-child(2) &gt; div:nth-child(2) &gt; div &gt; img'.</msg>
<status status="PASS" starttime="20230114 18:18:12.196" endtime="20230114 18:18:12.241"/>
</kw>
<kw name="Page Should Contain Image" library="SeleniumLibrary">
<arg>${MemberThree}</arg>
<doc>Verifies image identified by ``locator`` is found from current page.</doc>
<msg timestamp="20230114 18:18:12.263" level="INFO">Current page contains image 'css=#team &gt; div &gt; div:nth-child(2) &gt; div:nth-child(3) &gt; div &gt; img'.</msg>
<status status="PASS" starttime="20230114 18:18:12.241" endtime="20230114 18:18:12.263"/>
</kw>
<status status="PASS" starttime="20230114 18:18:12.178" endtime="20230114 18:18:12.263"/>
</kw>
<status status="PASS" starttime="20230114 18:18:12.178" endtime="20230114 18:18:12.263"/>
</kw>
<kw name="End Web Test" library="CommonWeb" type="TEARDOWN">
<kw name="Close Browser" library="SeleniumLibrary">
<doc>Closes the current browser.</doc>
<status status="PASS" starttime="20230114 18:18:12.264" endtime="20230114 18:18:14.478"/>
</kw>
<status status="PASS" starttime="20230114 18:18:12.264" endtime="20230114 18:18:14.479"/>
</kw>
<doc>Verify If the Team Page Matched the requirements</doc>
<tag>VerifyTeamPage</tag>
<status status="PASS" starttime="20230114 18:17:38.636" endtime="20230114 18:18:14.479"/>
</test>
<doc>Test The Front Office web page</doc>
<status status="PASS" starttime="20230114 18:17:08.473" endtime="20230114 18:18:14.482"/>
</suite>
<status status="PASS" starttime="20230114 18:17:08.437" endtime="20230114 18:18:14.486"/>
</suite>
<statistics>
<total>
<stat pass="2" fail="0" skip="0">All Tests</stat>
</total>
<tag>
<stat pass="1" fail="0" skip="0">AccessTeamPage</stat>
<stat pass="1" fail="0" skip="0">VerifyTeamPage</stat>
</tag>
<suite>
<stat pass="2" fail="0" skip="0" id="s1" name="Tests">Tests</stat>
<stat pass="2" fail="0" skip="0" id="s1-s1" name="Front Office">Tests.Front Office</stat>
</suite>
</statistics>
<errors>
</errors>
</robot>
