<?xml version="1.0" encoding="UTF-8"?>
<robot generator="Robot 6.0.1 (Python 3.9.15 on win32)" generated="20230114 18:22:51.643" rpa="false" schemaversion="3">
<suite id="s1" name="Tests" source="C:\Users\TahaM5\OneDrive - Vodafone Group\Documents\AUTOMATION\RobotFramework\RobotFrameworkTutorial_TestClient\Tests">
<suite id="s1-s1" name="Front Office" source="C:\Users\TahaM5\OneDrive - Vodafone Group\Documents\AUTOMATION\RobotFramework\RobotFrameworkTutorial_TestClient\Tests\Front_Office.robot">
<test id="s1-s1-t1" name="Should be able to access &quot;Team&quot; page" line="15">
<kw name="Begin Web Test" library="CommonWeb" type="SETUP">
<kw name="Open Browser" library="SeleniumLibrary">
<arg>about:blank</arg>
<arg>${BROWSER}</arg>
<doc>Opens a new browser instance to the optional ``url``.</doc>
<msg timestamp="20230114 18:22:52.019" level="INFO">Opening browser 'edge' to base url 'about:blank'.</msg>
<status status="PASS" starttime="20230114 18:22:52.019" endtime="20230114 18:22:53.811"/>
</kw>
<kw name="Maximize Browser Window" library="SeleniumLibrary">
<doc>Maximizes current browser window.</doc>
<status status="PASS" starttime="20230114 18:22:53.811" endtime="20230114 18:22:53.957"/>
</kw>
<status status="PASS" starttime="20230114 18:22:52.019" endtime="20230114 18:22:53.957"/>
</kw>
<kw name="Go To Landing Page" library="FrontOfficeApp">
<kw name="Navigate To Front Office Home Page" library="Landing">
<kw name="Go To" library="SeleniumLibrary">
<arg>${URL}</arg>
<doc>Navigates the current browser window to the provided ``url``.</doc>
<msg timestamp="20230114 18:22:53.966" level="INFO">Opening url 'https://automationplayground.com/front-office/'</msg>
<status status="PASS" starttime="20230114 18:22:53.963" endtime="20230114 18:23:29.843"/>
</kw>
<status status="PASS" starttime="20230114 18:22:53.960" endtime="20230114 18:23:29.844"/>
</kw>
<kw name="Verify The Front Office Home Page Open" library="Landing">
<kw name="Wait Until Page Contains Element" library="SeleniumLibrary">
<arg>${RobotFrameworkLink}</arg>
<doc>Waits until the element ``locator`` appears on the current page.</doc>
<status status="PASS" starttime="20230114 18:23:29.845" endtime="20230114 18:23:29.910"/>
</kw>
<status status="PASS" starttime="20230114 18:23:29.845" endtime="20230114 18:23:29.910"/>
</kw>
<status status="PASS" starttime="20230114 18:22:53.958" endtime="20230114 18:23:29.910"/>
</kw>
<kw name="Got To &quot;Team&quot; Page" library="FrontOfficeApp">
<kw name="Navigate To &quot;Team&quot; Page" library="TopNav">
<kw name="Click Element" library="SeleniumLibrary">
<arg>${TEAM_PAGE}</arg>
<doc>Click the element identified by ``locator``.</doc>
<msg timestamp="20230114 18:23:29.922" level="INFO">Clicking element 'xpath=//*[@id="bs-example-navbar-collapse-1"]/ul/li[5]/a'.</msg>
<status status="PASS" starttime="20230114 18:23:29.919" endtime="20230114 18:23:30.147"/>
</kw>
<kw name="Sleep" library="BuiltIn">
<arg>3s</arg>
<doc>Pauses the test executed for the given time.</doc>
<msg timestamp="20230114 18:23:33.154" level="INFO">Slept 3 seconds</msg>
<status status="PASS" starttime="20230114 18:23:30.148" endtime="20230114 18:23:33.154"/>
</kw>
<status status="PASS" starttime="20230114 18:23:29.917" endtime="20230114 18:23:33.154"/>
</kw>
<kw name="Verify The &quot;Team&quot; Page Loaded" library="TopNav">
<kw name="Wait Until Page Contains Element" library="SeleniumLibrary">
<arg>${Heading_TeamPage}</arg>
<doc>Waits until the element ``locator`` appears on the current page.</doc>
<status status="PASS" starttime="20230114 18:23:33.155" endtime="20230114 18:23:33.168"/>
</kw>
<status status="PASS" starttime="20230114 18:23:33.155" endtime="20230114 18:23:33.168"/>
</kw>
<status status="PASS" starttime="20230114 18:23:29.915" endtime="20230114 18:23:33.168"/>
</kw>
<kw name="End Web Test" library="CommonWeb" type="TEARDOWN">
<kw name="Close Browser" library="SeleniumLibrary">
<doc>Closes the current browser.</doc>
<status status="PASS" starttime="20230114 18:23:33.169" endtime="20230114 18:23:35.436"/>
</kw>
<status status="PASS" starttime="20230114 18:23:33.169" endtime="20230114 18:23:35.437"/>
</kw>
<doc>Try to access team page from the home page</doc>
<tag>AccessTeamPage</tag>
<status status="PASS" starttime="20230114 18:22:52.018" endtime="20230114 18:23:35.438"/>
</test>
<test id="s1-s1-t2" name="&quot;Team&quot; page should match requirements" line="21">
<kw name="Begin Web Test" library="CommonWeb" type="SETUP">
<kw name="Open Browser" library="SeleniumLibrary">
<arg>about:blank</arg>
<arg>${BROWSER}</arg>
<doc>Opens a new browser instance to the optional ``url``.</doc>
<msg timestamp="20230114 18:23:35.448" level="INFO">Opening browser 'edge' to base url 'about:blank'.</msg>
<status status="PASS" starttime="20230114 18:23:35.444" endtime="20230114 18:23:37.367"/>
</kw>
<kw name="Maximize Browser Window" library="SeleniumLibrary">
<doc>Maximizes current browser window.</doc>
<status status="PASS" starttime="20230114 18:23:37.367" endtime="20230114 18:23:37.499"/>
</kw>
<status status="PASS" starttime="20230114 18:23:35.444" endtime="20230114 18:23:37.499"/>
</kw>
<kw name="Go To Landing Page" library="FrontOfficeApp">
<kw name="Navigate To Front Office Home Page" library="Landing">
<kw name="Go To" library="SeleniumLibrary">
<arg>${URL}</arg>
<doc>Navigates the current browser window to the provided ``url``.</doc>
<msg timestamp="20230114 18:23:37.506" level="INFO">Opening url 'https://automationplayground.com/front-office/'</msg>
<status status="PASS" starttime="20230114 18:23:37.506" endtime="20230114 18:24:03.512"/>
</kw>
<status status="PASS" starttime="20230114 18:23:37.503" endtime="20230114 18:24:03.512"/>
</kw>
<kw name="Verify The Front Office Home Page Open" library="Landing">
<kw name="Wait Until Page Contains Element" library="SeleniumLibrary">
<arg>${RobotFrameworkLink}</arg>
<doc>Waits until the element ``locator`` appears on the current page.</doc>
<status status="PASS" starttime="20230114 18:24:03.513" endtime="20230114 18:24:03.527"/>
</kw>
<status status="PASS" starttime="20230114 18:24:03.512" endtime="20230114 18:24:03.527"/>
</kw>
<status status="PASS" starttime="20230114 18:23:37.501" endtime="20230114 18:24:03.527"/>
</kw>
<kw name="Got To &quot;Team&quot; Page" library="FrontOfficeApp">
<kw name="Navigate To &quot;Team&quot; Page" library="TopNav">
<kw name="Click Element" library="SeleniumLibrary">
<arg>${TEAM_PAGE}</arg>
<doc>Click the element identified by ``locator``.</doc>
<msg timestamp="20230114 18:24:03.528" level="INFO">Clicking element 'xpath=//*[@id="bs-example-navbar-collapse-1"]/ul/li[5]/a'.</msg>
<status status="PASS" starttime="20230114 18:24:03.528" endtime="20230114 18:24:03.615"/>
</kw>
<kw name="Sleep" library="BuiltIn">
<arg>3s</arg>
<doc>Pauses the test executed for the given time.</doc>
<msg timestamp="20230114 18:24:06.621" level="INFO">Slept 3 seconds</msg>
<status status="PASS" starttime="20230114 18:24:03.615" endtime="20230114 18:24:06.621"/>
</kw>
<status status="PASS" starttime="20230114 18:24:03.528" endtime="20230114 18:24:06.621"/>
</kw>
<kw name="Verify The &quot;Team&quot; Page Loaded" library="TopNav">
<kw name="Wait Until Page Contains Element" library="SeleniumLibrary">
<arg>${Heading_TeamPage}</arg>
<doc>Waits until the element ``locator`` appears on the current page.</doc>
<status status="PASS" starttime="20230114 18:24:06.621" endtime="20230114 18:24:06.663"/>
</kw>
<status status="PASS" starttime="20230114 18:24:06.621" endtime="20230114 18:24:06.663"/>
</kw>
<status status="PASS" starttime="20230114 18:24:03.528" endtime="20230114 18:24:06.663"/>
</kw>
<kw name="Verify Team Page" library="FrontOfficeApp">
<kw name="&quot;Team&quot; Page Should Has Three Images" library="Team">
<kw name="Page Should Contain Image" library="SeleniumLibrary">
<arg>${MemberOne}</arg>
<doc>Verifies image identified by ``locator`` is found from current page.</doc>
<msg timestamp="20230114 18:24:06.695" level="INFO">Current page contains image 'css=#team &gt; div &gt; div:nth-child(2) &gt; div:nth-child(1) &gt; div &gt; img'.</msg>
<status status="PASS" starttime="20230114 18:24:06.663" endtime="20230114 18:24:06.695"/>
</kw>
<kw name="Page Should Contain Image" library="SeleniumLibrary">
<arg>${MemberTwo}</arg>
<doc>Verifies image identified by ``locator`` is found from current page.</doc>
<msg timestamp="20230114 18:24:06.714" level="INFO">Current page contains image 'css=#team &gt; div &gt; div:nth-child(2) &gt; div:nth-child(2) &gt; div &gt; img'.</msg>
<status status="PASS" starttime="20230114 18:24:06.696" endtime="20230114 18:24:06.714"/>
</kw>
<kw name="Page Should Contain Image" library="SeleniumLibrary">
<arg>${MemberThree}</arg>
<doc>Verifies image identified by ``locator`` is found from current page.</doc>
<msg timestamp="20230114 18:24:06.745" level="INFO">Current page contains image 'css=#team &gt; div &gt; div:nth-child(2) &gt; div:nth-child(3) &gt; div &gt; img'.</msg>
<status status="PASS" starttime="20230114 18:24:06.714" endtime="20230114 18:24:06.745"/>
</kw>
<status status="PASS" starttime="20230114 18:24:06.663" endtime="20230114 18:24:06.745"/>
</kw>
<status status="PASS" starttime="20230114 18:24:06.663" endtime="20230114 18:24:06.745"/>
</kw>
<kw name="End Web Test" library="CommonWeb" type="TEARDOWN">
<kw name="Close Browser" library="SeleniumLibrary">
<doc>Closes the current browser.</doc>
<status status="PASS" starttime="20230114 18:24:06.745" endtime="20230114 18:24:09.076"/>
</kw>
<status status="PASS" starttime="20230114 18:24:06.745" endtime="20230114 18:24:09.077"/>
</kw>
<doc>Verify If the Team Page Matched the requirements</doc>
<tag>VerifyTeamPage</tag>
<status status="PASS" starttime="20230114 18:23:35.444" endtime="20230114 18:24:09.079"/>
</test>
<doc>Test The Front Office web page</doc>
<status status="PASS" starttime="20230114 18:22:51.674" endtime="20230114 18:24:09.085"/>
</suite>
<status status="PASS" starttime="20230114 18:22:51.647" endtime="20230114 18:24:09.095"/>
</suite>
<statistics>
<total>
<stat pass="2" fail="0" skip="0">All Tests</stat>
</total>
<tag>
<stat pass="1" fail="0" skip="0">AccessTeamPage</stat>
<stat pass="1" fail="0" skip="0">VerifyTeamPage</stat>
</tag>
<suite>
<stat pass="2" fail="0" skip="0" id="s1" name="Tests">Tests</stat>
<stat pass="2" fail="0" skip="0" id="s1-s1" name="Front Office">Tests.Front Office</stat>
</suite>
</statistics>
<errors>
</errors>
</robot>
